[34mℹ[39m [90m｢wds｣[39m: Project is running at http://0.0.0.0:4001/
[34mℹ[39m [90m｢wds｣[39m: webpack output is served from /
[34mℹ[39m [90m｢wds｣[39m: Content not from webpack is served from /Users/delicate/WebstormProjects/react_seed_2021/public
[34mℹ[39m [90m｢wdm｣[39m: wait until bundle finished: /
[34mℹ[39m [90m｢wdm｣[39m: asset main.js 3.41 MiB [emitted] (name: main)
asset index.html 184 bytes [emitted]
runtime modules 26 KiB 11 modules
cacheable modules 1.29 MiB
  modules by path ./node_modules/webpack-dev-server/ 21.2 KiB 12 modules
  modules by path ./node_modules/html-entities/lib/*.js 61 KiB 5 modules
  modules by path ./node_modules/webpack/hot/*.js 4.3 KiB 4 modules
  modules by path ./node_modules/scheduler/ 31.8 KiB 4 modules
  modules by path ./node_modules/querystring/*.js 4.51 KiB 3 modules
  modules by path ./node_modules/react/ 70.6 KiB 2 modules
  modules by path ./node_modules/react-dom/ 875 KiB
    ./node_modules/react-dom/index.js 1.33 KiB [built] [code generated]
    ./node_modules/react-dom/cjs/react-dom.development.js 874 KiB [built] [code generated]
  modules by path ./node_modules/url/*.js 23.1 KiB
    ./node_modules/url/url.js 22.8 KiB [built] [code generated]
    ./node_modules/url/util.js 314 bytes [built] [code generated]
./node_modules/webpack/hot/ sync nonrecursive ^\.\/log$ 170 bytes [built] [code generated]
webpack 5.25.1 compiled successfully in 2997 ms
[34mℹ[39m [90m｢wdm｣[39m: Compiled successfully.
[34mℹ[39m [90m｢wdm｣[39m: Compiling...
[34mℹ[39m [90m｢wdm｣[39m: assets by path *.js 3.42 MiB
  asset main.js 3.42 MiB [emitted] (name: main)
  asset main.3df4836a79c33ae606fb.hot-update.js 4.58 KiB [emitted] [immutable] [hmr] (name: main)
asset index.html 184 bytes [emitted]
asset main.3df4836a79c33ae606fb.hot-update.json 28 bytes [emitted] [immutable] [hmr]
Entrypoint main 3.42 MiB = main.js 3.42 MiB main.3df4836a79c33ae606fb.hot-update.js 4.58 KiB
cached modules 1.29 MiB [cached] 41 modules
runtime modules 26.5 KiB 13 modules
cacheable modules 296 bytes
  ./src/index.js 295 bytes [built] [code generated]
  ./src/test/index.js 1 bytes [built] [code generated]
webpack 5.25.1 compiled successfully in 817 ms
[34mℹ[39m [90m｢wdm｣[39m: Compiled successfully.
[34mℹ[39m [90m｢wdm｣[39m: Compiling...
[34mℹ[39m [90m｢wdm｣[39m: assets by path *.js 3.62 MiB
  asset main.js 3.52 MiB [emitted] (name: main)
  asset main.5ccfceb53b206f9b516d.hot-update.js 103 KiB [emitted] [immutable] [hmr] (name: main)
asset index.html 184 bytes [emitted]
asset main.5ccfceb53b206f9b516d.hot-update.json 28 bytes [emitted] [immutable] [hmr]
Entrypoint main 3.62 MiB = main.js 3.52 MiB main.5ccfceb53b206f9b516d.hot-update.js 103 KiB
cached modules 1.29 MiB [cached] 41 modules
runtime modules 26.5 KiB 13 modules
cacheable modules 35.9 KiB
  modules by path ./node_modules/ 32.8 KiB
    modules by path ./node_modules/prop-types/ 25.8 KiB 4 modules
    modules by path ./node_modules/react-is/ 7.01 KiB
      ./node_modules/react-is/index.js 196 bytes [built] [code generated]
      ./node_modules/react-is/cjs/react-is.development.js 6.82 KiB [built] [code generated]
  modules by path ./src/ 3.13 KiB
    modules by path ./src/hooks/*.js 2.53 KiB
      ./src/hooks/useAsync.js 2.25 KiB [built] [code generated]
      ./src/hooks/useBoolean.js 278 bytes [built] [code generated]
    ./src/index.js 295 bytes [code generated]
    ./src/test/index.js 327 bytes [built] [code generated]
webpack 5.25.1 compiled successfully in 879 ms
[34mℹ[39m [90m｢wdm｣[39m: Compiled successfully.
[34mℹ[39m [90m｢wdm｣[39m: Compiling...
[34mℹ[39m [90m｢wdm｣[39m: assets by path *.js 3.52 MiB
  asset main.js 3.52 MiB [emitted] (name: main)
  asset main.83358f90e4e5f8a4acea.hot-update.js 3.23 KiB [emitted] [immutable] [hmr] (name: main)
asset index.html 184 bytes [emitted]
asset main.83358f90e4e5f8a4acea.hot-update.json 28 bytes [emitted] [immutable] [hmr]
Entrypoint main 3.52 MiB = main.js 3.52 MiB main.83358f90e4e5f8a4acea.hot-update.js 3.23 KiB
cached modules 1.32 MiB [cached] 50 modules
runtime modules 26.5 KiB 13 modules
./src/test/index.js 491 bytes [built] [code generated]
webpack 5.25.1 compiled successfully in 630 ms
[34mℹ[39m [90m｢wdm｣[39m: Compiled successfully.
[34mℹ[39m [90m｢wdm｣[39m: Compiling...
[34mℹ[39m [90m｢wdm｣[39m: assets by path *.js 3.52 MiB
  asset main.js 3.52 MiB [emitted] (name: main)
  asset main.f1f6fd563c538c2176cd.hot-update.js 3.17 KiB [emitted] [immutable] [hmr] (name: main)
asset index.html 184 bytes [emitted]
asset main.f1f6fd563c538c2176cd.hot-update.json 28 bytes [emitted] [immutable] [hmr]
Entrypoint main 3.52 MiB = main.js 3.52 MiB main.f1f6fd563c538c2176cd.hot-update.js 3.17 KiB
cached modules 1.32 MiB [cached] 50 modules
runtime modules 26.5 KiB 13 modules
./src/test/index.js 483 bytes [built] [code generated]
webpack 5.25.1 compiled successfully in 1270 ms
[34mℹ[39m [90m｢wdm｣[39m: Compiled successfully.
[34mℹ[39m [90m｢wdm｣[39m: Compiling...
[34mℹ[39m [90m｢wdm｣[39m: assets by path *.js 3.52 MiB
  asset main.js 3.52 MiB [emitted] (name: main)
  asset main.a16e2f52f14d27cbb09e.hot-update.js 3.27 KiB [emitted] [immutable] [hmr] (name: main)
asset index.html 184 bytes [emitted]
asset main.a16e2f52f14d27cbb09e.hot-update.json 28 bytes [emitted] [immutable] [hmr]
Entrypoint main 3.52 MiB = main.js 3.52 MiB main.a16e2f52f14d27cbb09e.hot-update.js 3.27 KiB
cached modules 1.32 MiB [cached] 50 modules
runtime modules 26.5 KiB 13 modules
./src/test/index.js 499 bytes [built] [code generated]
webpack 5.25.1 compiled successfully in 450 ms
[34mℹ[39m [90m｢wdm｣[39m: Compiled successfully.
[34mℹ[39m [90m｢wdm｣[39m: Compiling...
[34mℹ[39m [90m｢wdm｣[39m: assets by path *.js 3.53 MiB
  asset main.js 3.52 MiB [emitted] (name: main)
  asset main.231df58d840cfc50fbb7.hot-update.js 11.3 KiB [emitted] [immutable] [hmr] (name: main)
asset index.html 184 bytes [emitted]
asset main.231df58d840cfc50fbb7.hot-update.json 28 bytes [emitted] [immutable] [hmr]
Entrypoint main 3.53 MiB = main.js 3.52 MiB main.231df58d840cfc50fbb7.hot-update.js 11.3 KiB
cached modules 1.32 MiB [cached] 50 modules
runtime modules 26.5 KiB 13 modules
./src/hooks/useAsync.js 2.27 KiB [built] [code generated]
webpack 5.25.1 compiled successfully in 687 ms
[34mℹ[39m [90m｢wdm｣[39m: Compiled successfully.
[34mℹ[39m [90m｢wdm｣[39m: Compiling...
[34mℹ[39m [90m｢wdm｣[39m: assets by path *.js 3.52 MiB
  asset main.js 3.52 MiB [emitted] (name: main)
  asset main.0d04ffaa9640042b7186.hot-update.js 3.22 KiB [emitted] [immutable] [hmr] (name: main)
asset index.html 184 bytes [emitted]
asset main.0d04ffaa9640042b7186.hot-update.json 28 bytes [emitted] [immutable] [hmr]
Entrypoint main 3.52 MiB = main.js 3.52 MiB main.0d04ffaa9640042b7186.hot-update.js 3.22 KiB
cached modules 1.32 MiB [cached] 50 modules
runtime modules 26.5 KiB 13 modules
./src/test/index.js 491 bytes [built] [code generated]
webpack 5.25.1 compiled successfully in 561 ms
[34mℹ[39m [90m｢wdm｣[39m: Compiled successfully.
[34mℹ[39m [90m｢wdm｣[39m: Compiling...
[34mℹ[39m [90m｢wdm｣[39m: assets by path *.js 3.52 MiB
  asset main.js 3.52 MiB [emitted] (name: main)
  asset main.d3de20265b1732a19421.hot-update.js 3.25 KiB [emitted] [immutable] [hmr] (name: main)
asset index.html 184 bytes [emitted]
asset main.d3de20265b1732a19421.hot-update.json 28 bytes [emitted] [immutable] [hmr]
Entrypoint main 3.52 MiB = main.js 3.52 MiB main.d3de20265b1732a19421.hot-update.js 3.25 KiB
cached modules 1.32 MiB [cached] 50 modules
runtime modules 26.5 KiB 13 modules
./src/test/index.js 496 bytes [built] [code generated]
webpack 5.25.1 compiled successfully in 505 ms
[34mℹ[39m [90m｢wdm｣[39m: Compiled successfully.
[34mℹ[39m [90m｢wdm｣[39m: Compiling...
[34mℹ[39m [90m｢wdm｣[39m: assets by path *.js 3.53 MiB
  asset main.js 3.52 MiB [emitted] (name: main)
  asset main.05db1bbc1de4ae21395c.hot-update.js 11.5 KiB [emitted] [immutable] [hmr] (name: main)
asset index.html 184 bytes [emitted]
asset main.05db1bbc1de4ae21395c.hot-update.json 28 bytes [emitted] [immutable] [hmr]
Entrypoint main 3.53 MiB = main.js 3.52 MiB main.05db1bbc1de4ae21395c.hot-update.js 11.5 KiB
cached modules 1.32 MiB [cached] 50 modules
runtime modules 26.5 KiB 13 modules
./src/hooks/useAsync.js 2.3 KiB [built] [code generated]
webpack 5.25.1 compiled successfully in 946 ms
[34mℹ[39m [90m｢wdm｣[39m: Compiled successfully.
[34mℹ[39m [90m｢wdm｣[39m: Compiling...
[34mℹ[39m [90m｢wdm｣[39m: assets by path *.js 3.53 MiB
  asset main.js 3.52 MiB [emitted] (name: main)
  asset main.1e2160619dce7c0a7225.hot-update.js 11.5 KiB [emitted] [immutable] [hmr] (name: main)
asset index.html 184 bytes [emitted]
asset main.1e2160619dce7c0a7225.hot-update.json 28 bytes [emitted] [immutable] [hmr]
Entrypoint main 3.53 MiB = main.js 3.52 MiB main.1e2160619dce7c0a7225.hot-update.js 11.5 KiB
cached modules 1.32 MiB [cached] 50 modules
runtime modules 26.5 KiB 13 modules
./src/hooks/useAsync.js 2.3 KiB [built] [code generated]
webpack 5.25.1 compiled successfully in 1358 ms
[34mℹ[39m [90m｢wdm｣[39m: Compiled successfully.
[34mℹ[39m [90m｢wdm｣[39m: Compiling...
[34mℹ[39m [90m｢wdm｣[39m: assets by path *.js 3.53 MiB
  asset main.js 3.52 MiB [emitted] (name: main)
  asset main.e89054649006dcbc2b0f.hot-update.js 11.3 KiB [emitted] [immutable] [hmr] (name: main)
asset index.html 184 bytes [emitted]
asset main.e89054649006dcbc2b0f.hot-update.json 28 bytes [emitted] [immutable] [hmr]
Entrypoint main 3.53 MiB = main.js 3.52 MiB main.e89054649006dcbc2b0f.hot-update.js 11.3 KiB
cached modules 1.32 MiB [cached] 50 modules
runtime modules 26.5 KiB 13 modules
./src/hooks/useAsync.js 2.27 KiB [built] [code generated]
webpack 5.25.1 compiled successfully in 536 ms
[34mℹ[39m [90m｢wdm｣[39m: Compiled successfully.
[34mℹ[39m [90m｢wdm｣[39m: Compiling...
[34mℹ[39m [90m｢wdm｣[39m: assets by path *.js 3.53 MiB
  asset main.js 3.52 MiB [emitted] (name: main)
  asset main.116cdb216855f49eccdb.hot-update.js 11.9 KiB [emitted] [immutable] [hmr] (name: main)
asset index.html 184 bytes [emitted]
asset main.116cdb216855f49eccdb.hot-update.json 28 bytes [emitted] [immutable] [hmr]
Entrypoint main 3.53 MiB = main.js 3.52 MiB main.116cdb216855f49eccdb.hot-update.js 11.9 KiB
cached modules 1.32 MiB [cached] 50 modules
runtime modules 26.5 KiB 13 modules
./src/hooks/useAsync.js 2.45 KiB [built] [code generated]
webpack 5.25.1 compiled successfully in 929 ms
[34mℹ[39m [90m｢wdm｣[39m: Compiled successfully.
[34mℹ[39m [90m｢wdm｣[39m: Compiling...
[34mℹ[39m [90m｢wdm｣[39m: assets by path *.js 3.53 MiB
  asset main.js 3.52 MiB [emitted] (name: main)
  asset main.14f4c316d4453b988cc2.hot-update.js 11.5 KiB [emitted] [immutable] [hmr] (name: main)
asset index.html 184 bytes [emitted]
asset main.14f4c316d4453b988cc2.hot-update.json 28 bytes [emitted] [immutable] [hmr]
Entrypoint main 3.53 MiB = main.js 3.52 MiB main.14f4c316d4453b988cc2.hot-update.js 11.5 KiB
cached modules 1.32 MiB [cached] 50 modules
runtime modules 26.5 KiB 13 modules
./src/hooks/useAsync.js 2.3 KiB [built] [code generated]
webpack 5.25.1 compiled successfully in 959 ms
[34mℹ[39m [90m｢wdm｣[39m: Compiled successfully.
[34mℹ[39m [90m｢wdm｣[39m: Compiling...
[34mℹ[39m [90m｢wdm｣[39m: assets by path *.js 3.53 MiB
  asset main.js 3.52 MiB [emitted] (name: main)
  asset main.6da279ee683c5b632f8e.hot-update.js 11.4 KiB [emitted] [immutable] [hmr] (name: main)
asset index.html 184 bytes [emitted]
asset main.6da279ee683c5b632f8e.hot-update.json 28 bytes [emitted] [immutable] [hmr]
Entrypoint main 3.53 MiB = main.js 3.52 MiB main.6da279ee683c5b632f8e.hot-update.js 11.4 KiB
cached modules 1.32 MiB [cached] 50 modules
runtime modules 26.5 KiB 13 modules
./src/hooks/useAsync.js 2.3 KiB [built] [code generated]
webpack 5.25.1 compiled successfully in 1441 ms
[34mℹ[39m [90m｢wdm｣[39m: Compiled successfully.
[34mℹ[39m [90m｢wdm｣[39m: Compiling...
[34mℹ[39m [90m｢wdm｣[39m: assets by path *.js 3.53 MiB
  asset main.js 3.52 MiB [emitted] (name: main)
  asset main.40d1fc9171c612c36778.hot-update.js 11.5 KiB [emitted] [immutable] [hmr] (name: main)
asset index.html 184 bytes [emitted]
asset main.40d1fc9171c612c36778.hot-update.json 28 bytes [emitted] [immutable] [hmr]
Entrypoint main 3.53 MiB = main.js 3.52 MiB main.40d1fc9171c612c36778.hot-update.js 11.5 KiB
cached modules 1.32 MiB [cached] 50 modules
runtime modules 26.5 KiB 13 modules
./src/hooks/useAsync.js 2.3 KiB [built] [code generated]
webpack 5.25.1 compiled successfully in 402 ms
[34mℹ[39m [90m｢wdm｣[39m: Compiled successfully.
[34mℹ[39m [90m｢wdm｣[39m: Compiling...
[34mℹ[39m [90m｢wdm｣[39m: assets by path *.js 3.53 MiB
  asset main.js 3.52 MiB [emitted] (name: main)
  asset main.946433df132e67a73de5.hot-update.js 10.6 KiB [emitted] [immutable] [hmr] (name: main)
asset index.html 184 bytes [emitted]
asset main.946433df132e67a73de5.hot-update.json 28 bytes [emitted] [immutable] [hmr]
Entrypoint main 3.53 MiB = main.js 3.52 MiB main.946433df132e67a73de5.hot-update.js 10.6 KiB
cached modules 1.32 MiB [cached] 50 modules
runtime modules 26.5 KiB 13 modules
./src/hooks/useAsync.js 2.08 KiB [built] [code generated]
webpack 5.25.1 compiled successfully in 320 ms
[34mℹ[39m [90m｢wdm｣[39m: Compiled successfully.
[34mℹ[39m [90m｢wdm｣[39m: Compiling...
[34mℹ[39m [90m｢wdm｣[39m: assets by path *.js 3.53 MiB
  asset main.js 3.52 MiB [emitted] (name: main)
  asset main.80268164326c15d9e8bb.hot-update.js 11.5 KiB [emitted] [immutable] [hmr] (name: main)
asset index.html 184 bytes [emitted]
asset main.80268164326c15d9e8bb.hot-update.json 28 bytes [emitted] [immutable] [hmr]
Entrypoint main 3.53 MiB = main.js 3.52 MiB main.80268164326c15d9e8bb.hot-update.js 11.5 KiB
cached modules 1.32 MiB [cached] 50 modules
runtime modules 26.5 KiB 13 modules
./src/hooks/useAsync.js 2.3 KiB [built] [code generated]
webpack 5.25.1 compiled successfully in 542 ms
[34mℹ[39m [90m｢wdm｣[39m: Compiled successfully.
[34mℹ[39m [90m｢wdm｣[39m: Compiling...
[34mℹ[39m [90m｢wdm｣[39m: assets by path *.js 3.53 MiB
  asset main.js 3.52 MiB [emitted] (name: main)
  asset main.d3925a2c60a606c70d58.hot-update.js 11.5 KiB [emitted] [immutable] [hmr] (name: main)
asset index.html 184 bytes [emitted]
asset main.d3925a2c60a606c70d58.hot-update.json 28 bytes [emitted] [immutable] [hmr]
Entrypoint main 3.53 MiB = main.js 3.52 MiB main.d3925a2c60a606c70d58.hot-update.js 11.5 KiB
cached modules 1.32 MiB [cached] 50 modules
runtime modules 26.5 KiB 13 modules
./src/hooks/useAsync.js 2.3 KiB [built] [code generated]
webpack 5.25.1 compiled successfully in 839 ms
[34mℹ[39m [90m｢wdm｣[39m: Compiled successfully.
[34mℹ[39m [90m｢wdm｣[39m: Compiling...
[34mℹ[39m [90m｢wdm｣[39m: assets by path *.js 3.52 MiB
  asset main.js 3.52 MiB [emitted] (name: main)
  asset main.0ed2eb366c4b89eac744.hot-update.js 2.71 KiB [emitted] [immutable] [hmr] (name: main)
asset index.html 184 bytes [emitted]
asset main.0ed2eb366c4b89eac744.hot-update.json 28 bytes [emitted] [immutable] [hmr]
Entrypoint main 3.52 MiB = main.js 3.52 MiB main.0ed2eb366c4b89eac744.hot-update.js 2.71 KiB
cached modules 1.32 MiB [cached] 50 modules
runtime modules 26.5 KiB 13 modules
./src/hooks/useBoolean.js 310 bytes [built] [code generated]
webpack 5.25.1 compiled successfully in 600 ms
[34mℹ[39m [90m｢wdm｣[39m: Compiled successfully.
[34mℹ[39m [90m｢wdm｣[39m: Compiling...
[34mℹ[39m [90m｢wdm｣[39m: assets by path *.js 3.52 MiB
  asset main.js 3.52 MiB [emitted] (name: main)
  asset main.03ee02f7bed58dfc86f8.hot-update.js 2.74 KiB [emitted] [immutable] [hmr] (name: main)
asset index.html 184 bytes [emitted]
asset main.03ee02f7bed58dfc86f8.hot-update.json 28 bytes [emitted] [immutable] [hmr]
Entrypoint main 3.52 MiB = main.js 3.52 MiB main.03ee02f7bed58dfc86f8.hot-update.js 2.74 KiB
cached modules 1.32 MiB [cached] 50 modules
runtime modules 26.5 KiB 13 modules
./src/hooks/useBoolean.js 319 bytes [built] [code generated]
webpack 5.25.1 compiled successfully in 358 ms
[34mℹ[39m [90m｢wdm｣[39m: Compiled successfully.
[34mℹ[39m [90m｢wdm｣[39m: Compiling...
[34mℹ[39m [90m｢wdm｣[39m: assets by path *.js 3.53 MiB
  asset main.js 3.52 MiB [emitted] (name: main)
  asset main.414a1ec42f70fab5f327.hot-update.js 11.6 KiB [emitted] [immutable] [hmr] (name: main)
asset index.html 184 bytes [emitted]
asset main.414a1ec42f70fab5f327.hot-update.json 28 bytes [emitted] [immutable] [hmr]
Entrypoint main 3.53 MiB = main.js 3.52 MiB main.414a1ec42f70fab5f327.hot-update.js 11.6 KiB
cached modules 1.32 MiB [cached] 50 modules
runtime modules 26.5 KiB 13 modules
./src/hooks/useAsync.js 2.33 KiB [built] [code generated]
webpack 5.25.1 compiled successfully in 902 ms
[34mℹ[39m [90m｢wdm｣[39m: Compiled successfully.
[34mℹ[39m [90m｢wdm｣[39m: Compiling...
[34mℹ[39m [90m｢wdm｣[39m: assets by path *.js 3.53 MiB
  asset main.js 3.52 MiB [emitted] (name: main)
  asset main.cb64d1116541459e268e.hot-update.js 11.4 KiB [emitted] [immutable] [hmr] (name: main)
asset index.html 184 bytes [emitted]
asset main.cb64d1116541459e268e.hot-update.json 28 bytes [emitted] [immutable] [hmr]
Entrypoint main 3.53 MiB = main.js 3.52 MiB main.cb64d1116541459e268e.hot-update.js 11.4 KiB
cached modules 1.32 MiB [cached] 50 modules
runtime modules 26.5 KiB 13 modules
./src/hooks/useAsync.js 2.34 KiB [built] [code generated]
webpack 5.25.1 compiled successfully in 1103 ms
[34mℹ[39m [90m｢wdm｣[39m: Compiled successfully.
[34mℹ[39m [90m｢wdm｣[39m: Compiling...
[34mℹ[39m [90m｢wdm｣[39m: assets by path *.js 3.52 MiB
  asset main.js 3.52 MiB [emitted] (name: main)
  asset main.d626d206d4845da0e49f.hot-update.js 3.34 KiB [emitted] [immutable] [hmr] (name: main)
asset index.html 184 bytes [emitted]
asset main.d626d206d4845da0e49f.hot-update.json 28 bytes [emitted] [immutable] [hmr]
Entrypoint main 3.52 MiB = main.js 3.52 MiB main.d626d206d4845da0e49f.hot-update.js 3.34 KiB
cached modules 1.32 MiB [cached] 50 modules
runtime modules 26.5 KiB 13 modules
./src/test/index.js 519 bytes [built] [code generated]
webpack 5.25.1 compiled successfully in 511 ms
[34mℹ[39m [90m｢wdm｣[39m: Compiled successfully.
[34mℹ[39m [90m｢wdm｣[39m: Compiling...
[34mℹ[39m [90m｢wdm｣[39m: assets by path *.js 3.52 MiB
  asset main.js 3.52 MiB [emitted] (name: main)
  asset main.64712b3ee4224e809a57.hot-update.js 4.58 KiB [emitted] [immutable] [hmr] (name: main)
asset index.html 184 bytes [emitted]
asset main.64712b3ee4224e809a57.hot-update.json 28 bytes [emitted] [immutable] [hmr]
Entrypoint main 3.52 MiB = main.js 3.52 MiB main.64712b3ee4224e809a57.hot-update.js 4.58 KiB
cached modules 1.32 MiB [cached] 50 modules
runtime modules 26.5 KiB 13 modules
./src/test/index.js 900 bytes [built] [code generated]
webpack 5.25.1 compiled successfully in 619 ms
[34mℹ[39m [90m｢wdm｣[39m: Compiled successfully.
[34mℹ[39m [90m｢wdm｣[39m: Compiling...
[34mℹ[39m [90m｢wdm｣[39m: assets by path *.js 3.52 MiB
  asset main.js 3.52 MiB [emitted] (name: main)
  asset main.ec9c714e4cd41b578c45.hot-update.js 4.59 KiB [emitted] [immutable] [hmr] (name: main)
asset index.html 184 bytes [emitted]
asset main.ec9c714e4cd41b578c45.hot-update.json 28 bytes [emitted] [immutable] [hmr]
Entrypoint main 3.52 MiB = main.js 3.52 MiB main.ec9c714e4cd41b578c45.hot-update.js 4.59 KiB
cached modules 1.32 MiB [cached] 50 modules
runtime modules 26.5 KiB 13 modules
./src/test/index.js 907 bytes [built] [code generated]
webpack 5.25.1 compiled successfully in 393 ms
[34mℹ[39m [90m｢wdm｣[39m: Compiled successfully.
[34mℹ[39m [90m｢wdm｣[39m: Compiling...
[34mℹ[39m [90m｢wdm｣[39m: assets by path *.js 3.52 MiB
  asset main.js 3.52 MiB [emitted] (name: main)
  asset main.a0127805a5259693311e.hot-update.js 2.81 KiB [emitted] [immutable] [hmr] (name: main)
asset index.html 184 bytes [emitted]
asset main.a0127805a5259693311e.hot-update.json 28 bytes [emitted] [immutable] [hmr]
Entrypoint main 3.52 MiB = main.js 3.52 MiB main.a0127805a5259693311e.hot-update.js 2.81 KiB
cached modules 1.32 MiB [cached] 50 modules
runtime modules 26.5 KiB 13 modules
./src/hooks/useBoolean.js 335 bytes [built] [code generated]
webpack 5.25.1 compiled successfully in 718 ms
[34mℹ[39m [90m｢wdm｣[39m: Compiled successfully.
[34mℹ[39m [90m｢wdm｣[39m: Compiling...
[34mℹ[39m [90m｢wdm｣[39m: assets by path *.js 3.52 MiB
  asset main.js 3.52 MiB [emitted] (name: main)
  asset main.dd2b816cc726748f26c7.hot-update.js 2.95 KiB [emitted] [immutable] [hmr] (name: main)
asset index.html 184 bytes [emitted]
asset main.dd2b816cc726748f26c7.hot-update.json 28 bytes [emitted] [immutable] [hmr]
Entrypoint main 3.52 MiB = main.js 3.52 MiB main.dd2b816cc726748f26c7.hot-update.js 2.95 KiB
cached modules 1.32 MiB [cached] 50 modules
runtime modules 26.5 KiB 13 modules
./src/hooks/useBoolean.js 369 bytes [built] [code generated]
webpack 5.25.1 compiled successfully in 698 ms
[34mℹ[39m [90m｢wdm｣[39m: Compiled successfully.
[34mℹ[39m [90m｢wdm｣[39m: Compiling...
[34mℹ[39m [90m｢wdm｣[39m: assets by path *.js 3.52 MiB
  asset main.js 3.52 MiB [emitted] (name: main)
  asset main.8eb47c2974d9f4debfa6.hot-update.js 4.07 KiB [emitted] [immutable] [hmr] (name: main)
asset index.html 184 bytes [emitted]
asset main.8eb47c2974d9f4debfa6.hot-update.json 28 bytes [emitted] [immutable] [hmr]
Entrypoint main 3.52 MiB = main.js 3.52 MiB main.8eb47c2974d9f4debfa6.hot-update.js 4.07 KiB
cached modules 1.32 MiB [cached] 50 modules
runtime modules 26.5 KiB 13 modules
./src/test/index.js 752 bytes [built] [code generated]
webpack 5.25.1 compiled successfully in 617 ms
[34mℹ[39m [90m｢wdm｣[39m: Compiled successfully.
[34mℹ[39m [90m｢wdm｣[39m: Compiling...
[34mℹ[39m [90m｢wdm｣[39m: assets by path *.js 3.52 MiB
  asset main.js 3.52 MiB [emitted] (name: main)
  asset main.3c14dce48330e422b2f4.hot-update.js 4.09 KiB [emitted] [immutable] [hmr] (name: main)
asset index.html 184 bytes [emitted]
asset main.3c14dce48330e422b2f4.hot-update.json 28 bytes [emitted] [immutable] [hmr]
Entrypoint main 3.52 MiB = main.js 3.52 MiB main.3c14dce48330e422b2f4.hot-update.js 4.09 KiB
cached modules 1.32 MiB [cached] 50 modules
runtime modules 26.5 KiB 13 modules
./src/test/index.js 757 bytes [built] [code generated]
webpack 5.25.1 compiled successfully in 618 ms
[34mℹ[39m [90m｢wdm｣[39m: Compiled successfully.
[34mℹ[39m [90m｢wdm｣[39m: Compiling...
[34mℹ[39m [90m｢wdm｣[39m: assets by path *.js 3.52 MiB
  asset main.js 3.52 MiB [emitted] (name: main)
  asset main.2cd6b0be000d2b50b82a.hot-update.js 3.61 KiB [emitted] [immutable] [hmr] (name: main)
asset index.html 184 bytes [emitted]
asset main.2cd6b0be000d2b50b82a.hot-update.json 28 bytes [emitted] [immutable] [hmr]
Entrypoint main 3.52 MiB = main.js 3.52 MiB main.2cd6b0be000d2b50b82a.hot-update.js 3.61 KiB
cached modules 1.32 MiB [cached] 50 modules
runtime modules 26.5 KiB 13 modules
./src/test/index.js 597 bytes [built] [code generated]
webpack 5.25.1 compiled successfully in 515 ms
[34mℹ[39m [90m｢wdm｣[39m: Compiled successfully.
[34mℹ[39m [90m｢wdm｣[39m: Compiling...
[34mℹ[39m [90m｢wdm｣[39m: assets by path *.js 3.52 MiB
  asset main.js 3.52 MiB [emitted] (name: main)
  asset main.369c71e55f074e0f9649.hot-update.js 3.81 KiB [emitted] [immutable] [hmr] (name: main)
asset index.html 184 bytes [emitted]
asset main.369c71e55f074e0f9649.hot-update.json 28 bytes [emitted] [immutable] [hmr]
Entrypoint main 3.52 MiB = main.js 3.52 MiB main.369c71e55f074e0f9649.hot-update.js 3.81 KiB
cached modules 1.32 MiB [cached] 50 modules
runtime modules 26.5 KiB 13 modules
./src/test/index.js 603 bytes [built] [code generated]
webpack 5.25.1 compiled successfully in 494 ms
[34mℹ[39m [90m｢wdm｣[39m: Compiled successfully.
[34mℹ[39m [90m｢wdm｣[39m: Compiling...
[34mℹ[39m [90m｢wdm｣[39m: assets by path *.js 3.53 MiB
  asset main.js 3.52 MiB [emitted] (name: main)
  asset main.d13f96704fa3831e9f6e.hot-update.js 11.6 KiB [emitted] [immutable] [hmr] (name: main)
asset index.html 184 bytes [emitted]
asset main.d13f96704fa3831e9f6e.hot-update.json 28 bytes [emitted] [immutable] [hmr]
Entrypoint main 3.53 MiB = main.js 3.52 MiB main.d13f96704fa3831e9f6e.hot-update.js 11.6 KiB
cached modules 1.32 MiB [cached] 50 modules
runtime modules 26.5 KiB 13 modules
./src/hooks/useAsync.js 2.38 KiB [built] [code generated]
webpack 5.25.1 compiled successfully in 607 ms
[34mℹ[39m [90m｢wdm｣[39m: Compiled successfully.
[34mℹ[39m [90m｢wdm｣[39m: Compiling...
[34mℹ[39m [90m｢wdm｣[39m: assets by path *.js 3.53 MiB
  asset main.js 3.52 MiB [emitted] (name: main)
  asset main.d01328de31feea90c4bf.hot-update.js 11.4 KiB [emitted] [immutable] [hmr] (name: main)
asset index.html 184 bytes [emitted]
asset main.d01328de31feea90c4bf.hot-update.json 28 bytes [emitted] [immutable] [hmr]
Entrypoint main 3.53 MiB = main.js 3.52 MiB main.d01328de31feea90c4bf.hot-update.js 11.4 KiB
cached modules 1.32 MiB [cached] 50 modules
runtime modules 26.5 KiB 13 modules
./src/hooks/useAsync.js 2.38 KiB [built] [code generated]
webpack 5.25.1 compiled successfully in 524 ms
[34mℹ[39m [90m｢wdm｣[39m: Compiled successfully.
[34mℹ[39m [90m｢wdm｣[39m: Compiling...
[34mℹ[39m [90m｢wdm｣[39m: assets by path *.js 3.53 MiB
  asset main.js 3.52 MiB [emitted] (name: main)
  asset main.0d06b3cdd347e08ce1a7.hot-update.js 11.5 KiB [emitted] [immutable] [hmr] (name: main)
asset index.html 184 bytes [emitted]
asset main.0d06b3cdd347e08ce1a7.hot-update.json 28 bytes [emitted] [immutable] [hmr]
Entrypoint main 3.53 MiB = main.js 3.52 MiB main.0d06b3cdd347e08ce1a7.hot-update.js 11.5 KiB
cached modules 1.32 MiB [cached] 50 modules
runtime modules 26.5 KiB 13 modules
./src/hooks/useAsync.js 2.38 KiB [built] [code generated]
webpack 5.25.1 compiled successfully in 770 ms
[34mℹ[39m [90m｢wdm｣[39m: Compiled successfully.
[34mℹ[39m [90m｢wdm｣[39m: Compiling...
[34mℹ[39m [90m｢wdm｣[39m: assets by path *.js 3.53 MiB
  asset main.js 3.52 MiB [emitted] (name: main)
  asset main.e1f394cfdacb530da51d.hot-update.js 11.6 KiB [emitted] [immutable] [hmr] (name: main)
asset index.html 184 bytes [emitted]
asset main.e1f394cfdacb530da51d.hot-update.json 28 bytes [emitted] [immutable] [hmr]
Entrypoint main 3.53 MiB = main.js 3.52 MiB main.e1f394cfdacb530da51d.hot-update.js 11.6 KiB
cached modules 1.32 MiB [cached] 50 modules
runtime modules 26.5 KiB 13 modules
./src/hooks/useAsync.js 2.38 KiB [built] [code generated]
webpack 5.25.1 compiled successfully in 506 ms
[34mℹ[39m [90m｢wdm｣[39m: Compiled successfully.
[34mℹ[39m [90m｢wdm｣[39m: Compiling...
[34mℹ[39m [90m｢wdm｣[39m: assets by path *.js 3.52 MiB
  asset main.js 3.52 MiB [emitted] (name: main)
  asset main.e7e02425b90a9284b0d3.hot-update.js 2.79 KiB [emitted] [immutable] [hmr] (name: main)
asset index.html 184 bytes [emitted]
asset main.e7e02425b90a9284b0d3.hot-update.json 28 bytes [emitted] [immutable] [hmr]
Entrypoint main 3.52 MiB = main.js 3.52 MiB main.e7e02425b90a9284b0d3.hot-update.js 2.79 KiB
cached modules 1.32 MiB [cached] 50 modules
runtime modules 26.5 KiB 13 modules
./src/hooks/useBoolean.js 334 bytes [built] [code generated]
webpack 5.25.1 compiled successfully in 521 ms
[34mℹ[39m [90m｢wdm｣[39m: Compiled successfully.
[34mℹ[39m [90m｢wdm｣[39m: Compiling...
[34mℹ[39m [90m｢wdm｣[39m: assets by path *.js 3.52 MiB
  asset main.js 3.52 MiB [emitted] (name: main)
  asset main.82be3983cf1a98240788.hot-update.js 2.83 KiB [emitted] [immutable] [hmr] (name: main)
asset index.html 184 bytes [emitted]
asset main.82be3983cf1a98240788.hot-update.json 28 bytes [emitted] [immutable] [hmr]
Entrypoint main 3.52 MiB = main.js 3.52 MiB main.82be3983cf1a98240788.hot-update.js 2.83 KiB
cached modules 1.32 MiB [cached] 50 modules
runtime modules 26.5 KiB 13 modules
./src/hooks/useBoolean.js 394 bytes [built] [code generated]
webpack 5.25.1 compiled successfully in 758 ms
[34mℹ[39m [90m｢wdm｣[39m: Compiled successfully.
[34mℹ[39m [90m｢wdm｣[39m: Compiling...
[34mℹ[39m [90m｢wdm｣[39m: assets by path *.js 3.52 MiB
  asset main.js 3.52 MiB [emitted] (name: main)
  asset main.3a161215d1a2d2cf931c.hot-update.js 2.85 KiB [emitted] [immutable] [hmr] (name: main)
asset index.html 184 bytes [emitted]
asset main.3a161215d1a2d2cf931c.hot-update.json 28 bytes [emitted] [immutable] [hmr]
Entrypoint main 3.52 MiB = main.js 3.52 MiB main.3a161215d1a2d2cf931c.hot-update.js 2.85 KiB
cached modules 1.32 MiB [cached] 50 modules
runtime modules 26.5 KiB 13 modules
./src/hooks/useBoolean.js 365 bytes [built] [code generated]
webpack 5.25.1 compiled successfully in 526 ms
[34mℹ[39m [90m｢wdm｣[39m: Compiled successfully.
[34mℹ[39m [90m｢wdm｣[39m: Compiling...
[34mℹ[39m [90m｢wdm｣[39m: assets by path *.js 3.53 MiB
  asset main.js 3.52 MiB [emitted] (name: main)
  asset main.c2a00d10233e02903cf3.hot-update.js 13.6 KiB [emitted] [immutable] [hmr] (name: main)
asset index.html 184 bytes [emitted]
asset main.c2a00d10233e02903cf3.hot-update.json 28 bytes [emitted] [immutable] [hmr]
Entrypoint main 3.53 MiB = main.js 3.52 MiB main.c2a00d10233e02903cf3.hot-update.js 13.6 KiB
cached modules 1.32 MiB [cached] 49 modules
runtime modules 26.5 KiB 13 modules
javascript modules 2.74 KiB
  ./src/hooks/useAsync.js 2.38 KiB [built] [code generated]
  ./src/hooks/useBoolean.js 369 bytes [built] [code generated]
webpack 5.25.1 compiled successfully in 614 ms
[34mℹ[39m [90m｢wdm｣[39m: Compiled successfully.
[34mℹ[39m [90m｢wdm｣[39m: Compiling...
[34mℹ[39m [90m｢wdm｣[39m: assets by path *.js 3.53 MiB
  asset main.js 3.52 MiB [emitted] (name: main)
  asset main.957e0591516c376258a4.hot-update.js 9.77 KiB [emitted] [immutable] [hmr] (name: main)
asset index.html 184 bytes [emitted]
asset main.957e0591516c376258a4.hot-update.json 28 bytes [emitted] [immutable] [hmr]
Entrypoint main 3.53 MiB = main.js 3.52 MiB main.957e0591516c376258a4.hot-update.js 9.77 KiB
cached modules 1.32 MiB [cached] 50 modules
runtime modules 26.5 KiB 13 modules
./src/hooks/useAsync.js 2.71 KiB [built] [code generated]
webpack 5.25.1 compiled successfully in 458 ms
[34mℹ[39m [90m｢wdm｣[39m: Compiled successfully.
[34mℹ[39m [90m｢wdm｣[39m: Compiling...
[34mℹ[39m [90m｢wdm｣[39m: assets by path *.js 3.53 MiB
  asset main.js 3.52 MiB [emitted] (name: main)
  asset main.88b5377105a154a232fc.hot-update.js 10.6 KiB [emitted] [immutable] [hmr] (name: main)
asset index.html 184 bytes [emitted]
asset main.88b5377105a154a232fc.hot-update.json 28 bytes [emitted] [immutable] [hmr]
Entrypoint main 3.53 MiB = main.js 3.52 MiB main.88b5377105a154a232fc.hot-update.js 10.6 KiB
cached modules 1.32 MiB [cached] 50 modules
runtime modules 26.5 KiB 13 modules
./src/hooks/useAsync.js 2.7 KiB [built] [code generated]
webpack 5.25.1 compiled successfully in 736 ms
[34mℹ[39m [90m｢wdm｣[39m: Compiled successfully.
[34mℹ[39m [90m｢wdm｣[39m: Compiling...
[34mℹ[39m [90m｢wdm｣[39m: assets by path *.js 3.53 MiB
  asset main.js 3.52 MiB [emitted] (name: main)
  asset main.986a94e73ef8b4d24ec3.hot-update.js 11.6 KiB [emitted] [immutable] [hmr] (name: main)
asset index.html 184 bytes [emitted]
asset main.986a94e73ef8b4d24ec3.hot-update.json 28 bytes [emitted] [immutable] [hmr]
Entrypoint main 3.53 MiB = main.js 3.52 MiB main.986a94e73ef8b4d24ec3.hot-update.js 11.6 KiB
cached modules 1.32 MiB [cached] 50 modules
runtime modules 26.5 KiB 13 modules
./src/hooks/useAsync.js 2.38 KiB [built] [code generated]
webpack 5.25.1 compiled successfully in 620 ms
[34mℹ[39m [90m｢wdm｣[39m: Compiled successfully.
[34mℹ[39m [90m｢wdm｣[39m: Compiling...
[34mℹ[39m [90m｢wdm｣[39m: Failed to compile.
[34mℹ[39m [90m｢wdm｣[39m: Compiling...
[34mℹ[39m [90m｢wdm｣[39m: assets by path *.js 3.52 MiB
  asset main.js 3.52 MiB [emitted] (name: main)
  asset main.c97bc079f93891124a6d.hot-update.js 2.86 KiB [emitted] [immutable] [hmr] (name: main)
asset index.html 184 bytes [emitted]
asset main.c97bc079f93891124a6d.hot-update.json 28 bytes [emitted] [immutable] [hmr]
Entrypoint main 3.52 MiB = main.js 3.52 MiB main.c97bc079f93891124a6d.hot-update.js 2.86 KiB
cached modules 1.32 MiB [cached] 48 modules
runtime modules 26.5 KiB 13 modules
javascript modules 3.3 KiB
  ./src/test/index.js 603 bytes [code generated]
  ./src/hooks/useAsync.js 2.38 KiB [code generated]
  ./src/hooks/useBoolean.js 342 bytes [built] [code generated]
webpack 5.25.1 compiled successfully in 411 ms
[34mℹ[39m [90m｢wdm｣[39m: Compiled successfully.
[34mℹ[39m [90m｢wdm｣[39m: Compiling...
[34mℹ[39m [90m｢wdm｣[39m: assets by path *.js 3.52 MiB
  asset main.js 3.52 MiB [emitted] (name: main)
  asset main.45325f159519f0d9d5cd.hot-update.js 2.94 KiB [emitted] [immutable] [hmr] (name: main)
asset index.html 184 bytes [emitted]
asset main.45325f159519f0d9d5cd.hot-update.json 28 bytes [emitted] [immutable] [hmr]
Entrypoint main 3.52 MiB = main.js 3.52 MiB main.45325f159519f0d9d5cd.hot-update.js 2.94 KiB
cached modules 1.32 MiB [cached] 50 modules
runtime modules 26.5 KiB 13 modules
./src/hooks/useBoolean.js 355 bytes [built] [code generated]
webpack 5.25.1 compiled successfully in 683 ms
[34mℹ[39m [90m｢wdm｣[39m: Compiled successfully.
